[2025-01-26T17:54:42.066Z] [31merror[39m: pool is not defined
[2025-01-26T17:55:12.379Z] [31merror[39m: pool is not defined
[2025-01-26T17:56:23.633Z] [31merror[39m: pool is not defined
[2025-01-26T17:56:52.297Z] [31merror[39m: pool is not defined
[2025-01-29T11:30:12.587Z] [31merror[39m: Multipart: Boundary not found
[2025-01-29T13:29:43.200Z] [31merror[39m: jwt expired
[2025-01-29T17:33:03.117Z] [31merror[39m: jwt expired
[2025-01-29T17:33:17.316Z] [31merror[39m: jwt expired
[2025-02-02T11:39:27.866Z] [31merror[39m: invalid token
[2025-02-02T11:40:04.254Z] [31merror[39m: invalid token
[2025-02-03T16:48:37.792Z] [31merror[39m: jwt expired
[2025-02-03T16:50:26.563Z] [31merror[39m: jwt expired
[2025-02-03T17:15:08.831Z] [31merror[39m: jwt expired
[2025-02-08T15:40:23.830Z] [31merror[39m: jwt expired
[2025-02-08T15:45:30.295Z] [31merror[39m: jwt expired
[2025-02-08T15:45:30.298Z] [31merror[39m: jwt expired
[2025-02-09T12:12:38.767Z] [31merror[39m: jwt expired
[2025-02-09T12:12:38.771Z] [31merror[39m: jwt expired
[2025-02-09T12:29:59.217Z] [31merror[39m: bcrypt is not defined
[2025-02-09T12:30:32.533Z] [31merror[39m: Illegal arguments: string, undefined
[2025-02-10T15:12:39.944Z] [31merror[39m: jwt expired
[2025-02-10T15:12:39.950Z] [31merror[39m: jwt expired
[2025-02-10T15:30:05.941Z] [31merror[39m: jwt expired
[2025-02-10T15:30:05.944Z] [31merror[39m: jwt expired
[2025-02-11T16:06:59.917Z] [31merror[39m: null value in column "password" of relation "users" violates not-null constraint
[2025-02-11T16:08:12.083Z] [31merror[39m: Login sessions require session support. Did you forget to use `express-session` middleware?
[2025-02-11T16:12:00.556Z] [31merror[39m: Failed to deserialize user out of session
[2025-02-11T16:12:19.114Z] [31merror[39m: Failed to deserialize user out of session
[2025-02-11T16:12:30.870Z] [31merror[39m: Failed to deserialize user out of session
[2025-02-13T19:00:39.610Z] [31merror[39m: jwt expired
[2025-02-13T19:00:39.616Z] [31merror[39m: jwt expired
[2025-02-17T12:26:20.628Z] [31merror[39m: jwt expired
[2025-02-17T12:26:20.635Z] [31merror[39m: jwt expired
[2025-02-18T08:54:15.253Z] [31merror[39m: jwt expired
[2025-02-18T08:54:15.263Z] [31merror[39m: jwt expired
[2025-02-18T08:55:20.848Z] [31merror[39m: connect ETIMEDOUT 35.174.23.245:5432
[2025-02-18T08:55:56.687Z] [31merror[39m: connect ETIMEDOUT 35.174.23.245:5432
[2025-02-18T09:38:53.566Z] [31merror[39m: jwt expired
[2025-02-18T09:38:53.573Z] [31merror[39m: jwt expired
[2025-02-18T10:15:08.677Z] [31merror[39m: jwt expired
[2025-02-18T10:15:08.687Z] [31merror[39m: jwt expired
[2025-02-18T10:16:08.772Z] [31merror[39m: jwt expired
[2025-02-18T10:16:08.779Z] [31merror[39m: jwt expired
[2025-02-18T10:21:15.294Z] [31merror[39m: jwt expired
[2025-02-18T10:21:15.299Z] [31merror[39m: jwt expired
[2025-02-18T10:22:44.763Z] [31merror[39m: jwt expired
[2025-02-18T10:22:44.769Z] [31merror[39m: jwt expired
[2025-02-18T11:03:39.634Z] [31merror[39m: jwt expired
[2025-02-18T11:03:39.647Z] [31merror[39m: jwt expired
[2025-02-18T11:04:53.100Z] [31merror[39m: jwt expired
[2025-02-18T11:04:53.109Z] [31merror[39m: jwt expired
[2025-02-18T11:13:29.086Z] [31merror[39m: jwt expired
[2025-02-18T11:13:29.093Z] [31merror[39m: jwt expired
[2025-02-18T11:30:13.079Z] [31merror[39m: jwt expired
[2025-02-18T11:30:13.082Z] [31merror[39m: jwt expired
[2025-02-19T09:42:44.371Z] [31merror[39m: jwt expired
[2025-02-19T09:42:44.380Z] [31merror[39m: jwt expired
[2025-02-19T16:32:32.780Z] [31merror[39m: jwt expired
[2025-02-19T16:32:32.785Z] [31merror[39m: jwt expired
[2025-02-20T11:17:13.300Z] [31merror[39m: Expected ',' or '}' after property value in JSON at position 112 (line 8 column 3)
[2025-02-23T19:12:48.440Z] [31merror[39m: jwt expired
[2025-02-23T19:12:48.443Z] [31merror[39m: jwt expired
[2025-02-24T09:01:37.316Z] [31merror[39m: jwt expired
[2025-02-24T09:01:37.327Z] [31merror[39m: jwt expired
[2025-02-24T09:02:11.324Z] [31merror[39m: jwt expired
[2025-02-24T09:02:11.330Z] [31merror[39m: jwt expired
[2025-02-24T09:02:11.334Z] [31merror[39m: jwt expired
[2025-02-24T09:02:11.340Z] [31merror[39m: jwt expired
[2025-02-24T10:05:04.230Z] [31merror[39m: jwt expired
[2025-02-24T11:36:07.491Z] [31merror[39m: jwt expired
[2025-02-24T11:36:07.494Z] [31merror[39m: jwt expired
[2025-02-24T11:36:08.566Z] [31merror[39m: jwt expired
[2025-02-24T11:36:08.567Z] [31merror[39m: jwt expired
[2025-02-24T11:36:08.569Z] [31merror[39m: jwt expired
[2025-02-24T11:36:08.570Z] [31merror[39m: jwt expired
[2025-02-24T11:36:08.572Z] [31merror[39m: jwt expired
[2025-02-24T11:36:08.573Z] [31merror[39m: jwt expired
[2025-02-24T11:36:08.575Z] [31merror[39m: jwt expired
[2025-02-24T11:36:08.576Z] [31merror[39m: jwt expired
[2025-02-24T11:36:08.578Z] [31merror[39m: jwt expired
[2025-02-24T11:36:08.579Z] [31merror[39m: jwt expired
[2025-02-24T11:36:33.450Z] [31merror[39m: jwt malformed
[2025-02-24T16:49:44.699Z] [31merror[39m: jwt expired
[2025-02-24T16:49:44.704Z] [31merror[39m: jwt expired
[2025-02-24T16:49:45.789Z] [31merror[39m: jwt expired
[2025-02-24T16:49:45.791Z] [31merror[39m: jwt expired
[2025-02-24T16:49:45.793Z] [31merror[39m: jwt expired
[2025-02-24T16:49:45.794Z] [31merror[39m: jwt expired
[2025-02-24T16:49:45.796Z] [31merror[39m: jwt expired
[2025-02-24T16:49:45.798Z] [31merror[39m: jwt expired
[2025-02-24T16:49:45.799Z] [31merror[39m: jwt expired
[2025-02-24T16:49:45.802Z] [31merror[39m: jwt expired
[2025-02-24T16:49:45.804Z] [31merror[39m: jwt expired
[2025-02-24T16:49:45.806Z] [31merror[39m: jwt expired
[2025-02-25T09:01:50.719Z] [31merror[39m: jwt expired
[2025-02-25T09:01:50.725Z] [31merror[39m: jwt expired
[2025-02-25T09:01:52.428Z] [31merror[39m: jwt expired
[2025-02-25T09:01:52.434Z] [31merror[39m: jwt expired
[2025-02-25T09:01:52.438Z] [31merror[39m: jwt expired
[2025-02-25T09:01:52.444Z] [31merror[39m: jwt expired
[2025-02-25T09:01:52.449Z] [31merror[39m: jwt expired
[2025-02-25T09:01:52.453Z] [31merror[39m: jwt expired
[2025-02-25T09:01:52.457Z] [31merror[39m: jwt expired
[2025-02-25T09:01:52.462Z] [31merror[39m: jwt expired
[2025-02-25T09:01:52.466Z] [31merror[39m: jwt expired
[2025-02-25T09:01:52.471Z] [31merror[39m: jwt expired
[2025-02-25T09:04:35.246Z] [31merror[39m: jwt expired
[2025-02-25T09:04:38.792Z] [31merror[39m: jwt expired
[2025-02-25T09:04:44.737Z] [31merror[39m: jwt expired
[2025-02-25T09:04:44.742Z] [31merror[39m: jwt expired
[2025-02-25T09:04:46.313Z] [31merror[39m: jwt expired
[2025-02-25T09:04:46.319Z] [31merror[39m: jwt expired
[2025-02-25T09:04:46.324Z] [31merror[39m: jwt expired
[2025-02-25T09:04:46.328Z] [31merror[39m: jwt expired
[2025-02-25T09:04:46.333Z] [31merror[39m: jwt expired
[2025-02-25T09:04:46.338Z] [31merror[39m: jwt expired
[2025-02-25T09:04:46.343Z] [31merror[39m: jwt expired
[2025-02-25T09:04:46.346Z] [31merror[39m: jwt expired
[2025-02-25T09:04:46.352Z] [31merror[39m: jwt expired
[2025-02-25T09:04:46.357Z] [31merror[39m: jwt expired
[2025-02-25T09:16:20.496Z] [31merror[39m: jwt expired
[2025-02-25T09:16:20.499Z] [31merror[39m: jwt expired
[2025-02-25T09:16:20.502Z] [31merror[39m: jwt expired
[2025-02-25T09:16:20.504Z] [31merror[39m: jwt expired
[2025-02-25T09:18:00.616Z] [31merror[39m: jwt expired
[2025-02-25T09:18:00.620Z] [31merror[39m: jwt expired
[2025-02-25T09:18:00.625Z] [31merror[39m: jwt expired
[2025-02-25T09:18:00.629Z] [31merror[39m: jwt expired
[2025-02-25T09:18:30.064Z] [31merror[39m: jwt expired
[2025-02-25T09:19:28.936Z] [31merror[39m: jwt expired
[2025-02-25T09:19:31.773Z] [31merror[39m: jwt expired
[2025-02-25T09:20:33.979Z] [31merror[39m: jwt expired
[2025-02-25T09:23:57.101Z] [31merror[39m: jwt expired
[2025-02-25T09:24:25.934Z] [31merror[39m: jwt expired
[2025-02-25T09:24:25.937Z] [31merror[39m: jwt expired
[2025-02-25T09:24:27.533Z] [31merror[39m: jwt expired
[2025-02-25T09:24:27.537Z] [31merror[39m: jwt expired
[2025-02-25T09:24:27.540Z] [31merror[39m: jwt expired
[2025-02-25T09:24:27.544Z] [31merror[39m: jwt expired
[2025-02-25T09:24:27.548Z] [31merror[39m: jwt expired
[2025-02-25T09:24:27.551Z] [31merror[39m: jwt expired
[2025-02-25T09:24:27.556Z] [31merror[39m: jwt expired
[2025-02-25T09:24:27.559Z] [31merror[39m: jwt expired
[2025-02-25T09:24:27.562Z] [31merror[39m: jwt expired
[2025-02-25T09:24:27.565Z] [31merror[39m: jwt expired
[2025-02-25T09:25:22.154Z] [31merror[39m: jwt expired
[2025-02-25T09:25:22.157Z] [31merror[39m: jwt expired
[2025-02-25T09:25:22.162Z] [31merror[39m: jwt expired
[2025-02-25T09:25:22.171Z] [31merror[39m: jwt expired
[2025-02-25T09:25:58.943Z] [31merror[39m: jwt expired
[2025-02-25T09:25:58.949Z] [31merror[39m: jwt expired
[2025-02-25T09:26:00.706Z] [31merror[39m: jwt expired
[2025-02-25T09:26:00.714Z] [31merror[39m: jwt expired
[2025-02-25T09:26:00.720Z] [31merror[39m: jwt expired
[2025-02-25T09:26:00.725Z] [31merror[39m: jwt expired
[2025-02-25T09:26:00.731Z] [31merror[39m: jwt expired
[2025-02-25T09:26:00.736Z] [31merror[39m: jwt expired
[2025-02-25T09:26:00.742Z] [31merror[39m: jwt expired
[2025-02-25T09:26:00.747Z] [31merror[39m: jwt expired
[2025-02-25T09:26:00.751Z] [31merror[39m: jwt expired
[2025-02-25T09:26:00.757Z] [31merror[39m: jwt expired
[2025-02-25T09:26:01.861Z] [31merror[39m: jwt expired
[2025-02-25T09:26:05.907Z] [31merror[39m: jwt expired
[2025-02-27T14:06:03.177Z] [31merror[39m: jwt expired
[2025-02-27T14:06:03.184Z] [31merror[39m: jwt expired
[2025-02-27T15:08:55.164Z] [31merror[39m: jwt expired
[2025-02-27T15:08:55.168Z] [31merror[39m: jwt expired
[2025-02-28T08:08:41.108Z] [31merror[39m: jwt expired
[2025-02-28T08:08:41.114Z] [31merror[39m: jwt expired
[2025-02-28T08:08:42.189Z] [31merror[39m: jwt expired
[2025-02-28T08:08:42.191Z] [31merror[39m: jwt expired
[2025-02-28T08:08:42.192Z] [31merror[39m: jwt expired
[2025-02-28T08:08:42.195Z] [31merror[39m: jwt expired
[2025-02-28T08:08:42.196Z] [31merror[39m: jwt expired
[2025-02-28T08:08:42.198Z] [31merror[39m: jwt expired
[2025-02-28T08:08:42.200Z] [31merror[39m: jwt expired
[2025-02-28T08:08:42.201Z] [31merror[39m: jwt expired
[2025-02-28T08:08:42.202Z] [31merror[39m: jwt expired
[2025-02-28T08:08:42.204Z] [31merror[39m: jwt expired
